<?xml version="1.0" encoding="UTF-8"?>
<testsuite name="com.unit.test.pwc.address.book.rest.controller.AddressBookControllerTest" tests="3" skipped="0" failures="0" errors="0" timestamp="2020-04-03T08:10:48" hostname="Sunils-MBP" time="0.383">
  <properties/>
  <testcase name="validateAddContactMustReturn400OnInvalidFirstName" classname="com.unit.test.pwc.address.book.rest.controller.AddressBookControllerTest" time="0.356"/>
  <testcase name="validateAddContactMustReturn400OnInvalidPhoneNumbners" classname="com.unit.test.pwc.address.book.rest.controller.AddressBookControllerTest" time="0.011"/>
  <testcase name="validateAddContactMustReturn400OnInvalidLastName" classname="com.unit.test.pwc.address.book.rest.controller.AddressBookControllerTest" time="0.009"/>
  <system-out><![CDATA[19:10:45.640 [Test worker] DEBUG org.springframework.test.annotation.ProfileValueUtils - Retrieved @ProfileValueSourceConfiguration [null] for test class [com.unit.test.pwc.address.book.rest.controller.AddressBookControllerTest]
19:10:45.640 [Test worker] DEBUG org.springframework.test.annotation.ProfileValueUtils - Retrieved ProfileValueSource type [class org.springframework.test.annotation.SystemProfileValueSource] for class [com.unit.test.pwc.address.book.rest.controller.AddressBookControllerTest]
19:10:45.640 [Test worker] DEBUG org.springframework.test.annotation.ProfileValueUtils - Retrieved @ProfileValueSourceConfiguration [null] for test class [com.unit.test.pwc.address.book.rest.controller.AddressBookControllerTest]
19:10:45.641 [Test worker] DEBUG org.springframework.test.annotation.ProfileValueUtils - Retrieved ProfileValueSource type [class org.springframework.test.annotation.SystemProfileValueSource] for class [com.unit.test.pwc.address.book.rest.controller.AddressBookControllerTest]
19:10:45.643 [Test worker] DEBUG org.springframework.test.context.support.AbstractDirtiesContextTestExecutionListener - Before test class: context [DefaultTestContext@1c677a71 testClass = AddressBookControllerTest, testInstance = [null], testMethod = [null], testException = [null], mergedContextConfiguration = [WebMergedContextConfiguration@40e8adf8 testClass = AddressBookControllerTest, locations = '{}', classes = '{class com.pwc.address.book.AddressBookApplication, class com.pwc.address.book.AddressBookApplication}', contextInitializerClasses = '[]', activeProfiles = '{}', propertySourceLocations = '{}', propertySourceProperties = '{org.springframework.boot.test.context.SpringBootTestContextBootstrapper=true, server.port=0}', contextCustomizers = set[org.springframework.boot.test.autoconfigure.properties.PropertyMappingContextCustomizer@0, org.springframework.boot.test.autoconfigure.web.servlet.WebDriverContextCustomizerFactory$Customizer@184a4a93, org.springframework.boot.test.context.filter.ExcludeFilterContextCustomizer@131d7cdb, org.springframework.boot.test.json.DuplicateJsonObjectContextCustomizerFactory$DuplicateJsonObjectContextCustomizer@2dd9769e, org.springframework.boot.test.mock.mockito.MockitoContextCustomizer@0, org.springframework.boot.test.web.client.TestRestTemplateContextCustomizer@f9a176a, org.springframework.boot.test.web.reactive.server.WebTestClientContextCustomizer@3202e1de], resourceBasePath = 'src/main/webapp', contextLoader = 'org.springframework.boot.test.context.SpringBootContextLoader', parent = [null]], attributes = map['org.springframework.test.context.web.ServletTestExecutionListener.activateListener' -> false]], class annotated with @DirtiesContext [false] with mode [null].
19:10:45.644 [Test worker] DEBUG org.springframework.test.annotation.ProfileValueUtils - Retrieved @ProfileValueSourceConfiguration [null] for test class [com.unit.test.pwc.address.book.rest.controller.AddressBookControllerTest]
19:10:45.644 [Test worker] DEBUG org.springframework.test.annotation.ProfileValueUtils - Retrieved ProfileValueSource type [class org.springframework.test.annotation.SystemProfileValueSource] for class [com.unit.test.pwc.address.book.rest.controller.AddressBookControllerTest]
19:10:45.808 [Test worker] DEBUG org.springframework.test.context.support.DependencyInjectionTestExecutionListener - Performing dependency injection for test context [[DefaultTestContext@1c677a71 testClass = AddressBookControllerTest, testInstance = com.unit.test.pwc.address.book.rest.controller.AddressBookControllerTest@33fe210a, testMethod = [null], testException = [null], mergedContextConfiguration = [WebMergedContextConfiguration@40e8adf8 testClass = AddressBookControllerTest, locations = '{}', classes = '{class com.pwc.address.book.AddressBookApplication, class com.pwc.address.book.AddressBookApplication}', contextInitializerClasses = '[]', activeProfiles = '{}', propertySourceLocations = '{}', propertySourceProperties = '{org.springframework.boot.test.context.SpringBootTestContextBootstrapper=true, server.port=0}', contextCustomizers = set[org.springframework.boot.test.autoconfigure.properties.PropertyMappingContextCustomizer@0, org.springframework.boot.test.autoconfigure.web.servlet.WebDriverContextCustomizerFactory$Customizer@184a4a93, org.springframework.boot.test.context.filter.ExcludeFilterContextCustomizer@131d7cdb, org.springframework.boot.test.json.DuplicateJsonObjectContextCustomizerFactory$DuplicateJsonObjectContextCustomizer@2dd9769e, org.springframework.boot.test.mock.mockito.MockitoContextCustomizer@0, org.springframework.boot.test.web.client.TestRestTemplateContextCustomizer@f9a176a, org.springframework.boot.test.web.reactive.server.WebTestClientContextCustomizer@3202e1de], resourceBasePath = 'src/main/webapp', contextLoader = 'org.springframework.boot.test.context.SpringBootContextLoader', parent = [null]], attributes = map['org.springframework.test.context.web.ServletTestExecutionListener.activateListener' -> false]]].
19:10:45.824 [Test worker] DEBUG org.springframework.test.context.support.TestPropertySourceUtils - Adding inlined properties to environment: {spring.jmx.enabled=false, org.springframework.boot.test.context.SpringBootTestContextBootstrapper=true, server.port=0}

  .   ____          _            __ _ _
 /\\ / ___'_ __ _ _(_)_ __  __ _ \ \ \ \
( ( )\___ | '_ | '_| | '_ \/ _` | \ \ \ \
 \\/  ___)| |_)| | | | | || (_| |  ) ) ) )
  '  |____| .__|_| |_|_| |_\__, | / / / /
 =========|_|==============|___/=/_/_/_/
 :: Spring Boot ::        (v2.2.5.RELEASE)

2020-04-03 19:10:46.013  INFO 81455 --- [    Test worker] .u.t.p.a.b.r.c.AddressBookControllerTest : Starting AddressBookControllerTest on Sunils-MBP with PID 81455 (started by sunil in /Users/sunil/Interview/PWC/address-book)
2020-04-03 19:10:46.015  INFO 81455 --- [    Test worker] .u.t.p.a.b.r.c.AddressBookControllerTest : No active profile set, falling back to default profiles: default
2020-04-03 19:10:47.047  INFO 81455 --- [    Test worker] o.s.b.w.embedded.tomcat.TomcatWebServer  : Tomcat initialized with port(s): 0 (http)
2020-04-03 19:10:47.055  INFO 81455 --- [    Test worker] o.apache.catalina.core.StandardService   : Starting service [Tomcat]
2020-04-03 19:10:47.055  INFO 81455 --- [    Test worker] org.apache.catalina.core.StandardEngine  : Starting Servlet engine: [Apache Tomcat/9.0.31]
2020-04-03 19:10:47.119  INFO 81455 --- [    Test worker] o.a.c.c.C.[Tomcat].[localhost].[/]       : Initializing Spring embedded WebApplicationContext
2020-04-03 19:10:47.120  INFO 81455 --- [    Test worker] o.s.web.context.ContextLoader            : Root WebApplicationContext: initialization completed in 1092 ms
2020-04-03 19:10:47.738  INFO 81455 --- [    Test worker] o.s.b.a.e.web.EndpointLinksResolver      : Exposing 2 endpoint(s) beneath base path '/actuator'
2020-04-03 19:10:47.873  INFO 81455 --- [    Test worker] pertySourcedRequestMappingHandlerMapping : Mapped URL path [/v2/api-docs] onto method [springfox.documentation.swagger2.web.Swagger2Controller#getDocumentation(String, HttpServletRequest)]
2020-04-03 19:10:48.099  INFO 81455 --- [    Test worker] o.s.s.concurrent.ThreadPoolTaskExecutor  : Initializing ExecutorService 'applicationTaskExecutor'
2020-04-03 19:10:48.441  INFO 81455 --- [    Test worker] d.s.w.p.DocumentationPluginsBootstrapper : Context refreshed
2020-04-03 19:10:48.459  INFO 81455 --- [    Test worker] d.s.w.p.DocumentationPluginsBootstrapper : Found 1 custom documentation plugin(s)
2020-04-03 19:10:48.488  INFO 81455 --- [    Test worker] s.d.s.w.s.ApiListingReferenceScanner     : Scanning for api listing references
2020-04-03 19:10:48.619  INFO 81455 --- [    Test worker] o.s.b.w.embedded.tomcat.TomcatWebServer  : Tomcat started on port(s): 50470 (http) with context path ''
2020-04-03 19:10:48.623  INFO 81455 --- [    Test worker] .u.t.p.a.b.r.c.AddressBookControllerTest : Started AddressBookControllerTest in 2.797 seconds (JVM running for 3.704)
2020-04-03 19:10:48.832  INFO 81455 --- [o-auto-1-exec-1] o.a.c.c.C.[Tomcat].[localhost].[/]       : Initializing Spring DispatcherServlet 'dispatcherServlet'
2020-04-03 19:10:48.833  INFO 81455 --- [o-auto-1-exec-1] o.s.web.servlet.DispatcherServlet        : Initializing Servlet 'dispatcherServlet'
2020-04-03 19:10:48.843  INFO 81455 --- [o-auto-1-exec-1] o.s.web.servlet.DispatcherServlet        : Completed initialization in 10 ms
2020-04-03 19:10:48.964  WARN 81455 --- [o-auto-1-exec-1] .w.s.m.s.DefaultHandlerExceptionResolver : Resolved [org.springframework.web.bind.MethodArgumentNotValidException: Validation failed for argument [1] in public com.pwc.address.book.entities.Contact com.pwc.address.book.controller.AddressBookController.addContactToAddressBook(java.lang.String,com.pwc.address.book.entities.Contact) with 3 errors: [Field error in object 'contact' on field 'phoneNumbers[0]': rejected value [0412 123 345]; codes [Pattern.contact.phoneNumbers[0],Pattern.contact.phoneNumbers,Pattern.phoneNumbers[0],Pattern.phoneNumbers,Pattern.java.lang.String,Pattern]; arguments [org.springframework.context.support.DefaultMessageSourceResolvable: codes [contact.phoneNumbers[0],phoneNumbers[0]]; arguments []; default message [phoneNumbers[0]],[Ljavax.validation.constraints.Pattern$Flag;@650bd72c,^03[0-9]{8}|^\+[1-9]{3,14}|^[1-9]{1}[0-9]{3,14}]; default message [must match "^03[0-9]{8}|^\+[1-9]{3,14}|^[1-9]{1}[0-9]{3,14}"]] [Field error in object 'contact' on field 'phoneNumbers[1]': rejected value [0412 123 346]; codes [Pattern.contact.phoneNumbers[1],Pattern.contact.phoneNumbers,Pattern.phoneNumbers[1],Pattern.phoneNumbers,Pattern.java.lang.String,Pattern]; arguments [org.springframework.context.support.DefaultMessageSourceResolvable: codes [contact.phoneNumbers[1],phoneNumbers[1]]; arguments []; default message [phoneNumbers[1]],[Ljavax.validation.constraints.Pattern$Flag;@650bd72c,^03[0-9]{8}|^\+[1-9]{3,14}|^[1-9]{1}[0-9]{3,14}]; default message [must match "^03[0-9]{8}|^\+[1-9]{3,14}|^[1-9]{1}[0-9]{3,14}"]] [Field error in object 'contact' on field 'firstName': rejected value [123]; codes [Pattern.contact.firstName,Pattern.firstName,Pattern.java.lang.String,Pattern]; arguments [org.springframework.context.support.DefaultMessageSourceResolvable: codes [contact.firstName,firstName]; arguments []; default message [firstName],[Ljavax.validation.constraints.Pattern$Flag;@650bd72c,^[a-zA-Z][a-zA-Z0-9-]*$]; default message [first name must be alphanumeric and start with character]] ]
2020-04-03 19:10:49.016  WARN 81455 --- [o-auto-1-exec-2] .w.s.m.s.DefaultHandlerExceptionResolver : Resolved [org.springframework.web.bind.MethodArgumentNotValidException: Validation failed for argument [1] in public com.pwc.address.book.entities.Contact com.pwc.address.book.controller.AddressBookController.addContactToAddressBook(java.lang.String,com.pwc.address.book.entities.Contact) with 2 errors: [Field error in object 'contact' on field 'phoneNumbers': rejected value [null]; codes [NotNull.contact.phoneNumbers,NotNull.phoneNumbers,NotNull.java.util.List,NotNull]; arguments [org.springframework.context.support.DefaultMessageSourceResolvable: codes [contact.phoneNumbers,phoneNumbers]; arguments []; default message [phoneNumbers]]; default message [Please provide phone numbers]] [Field error in object 'contact' on field 'phoneNumbers': rejected value [null]; codes [NotEmpty.contact.phoneNumbers,NotEmpty.phoneNumbers,NotEmpty.java.util.List,NotEmpty]; arguments [org.springframework.context.support.DefaultMessageSourceResolvable: codes [contact.phoneNumbers,phoneNumbers]; arguments []; default message [phoneNumbers]]; default message [Please provide phone numbers]] ]
2020-04-03 19:10:49.030  WARN 81455 --- [o-auto-1-exec-3] .w.s.m.s.DefaultHandlerExceptionResolver : Resolved [org.springframework.web.bind.MethodArgumentNotValidException: Validation failed for argument [1] in public com.pwc.address.book.entities.Contact com.pwc.address.book.controller.AddressBookController.addContactToAddressBook(java.lang.String,com.pwc.address.book.entities.Contact) with 3 errors: [Field error in object 'contact' on field 'phoneNumbers[0]': rejected value [0412 123 345]; codes [Pattern.contact.phoneNumbers[0],Pattern.contact.phoneNumbers,Pattern.phoneNumbers[0],Pattern.phoneNumbers,Pattern.java.lang.String,Pattern]; arguments [org.springframework.context.support.DefaultMessageSourceResolvable: codes [contact.phoneNumbers[0],phoneNumbers[0]]; arguments []; default message [phoneNumbers[0]],[Ljavax.validation.constraints.Pattern$Flag;@650bd72c,^03[0-9]{8}|^\+[1-9]{3,14}|^[1-9]{1}[0-9]{3,14}]; default message [must match "^03[0-9]{8}|^\+[1-9]{3,14}|^[1-9]{1}[0-9]{3,14}"]] [Field error in object 'contact' on field 'lastName': rejected value [$234$]; codes [Pattern.contact.lastName,Pattern.lastName,Pattern.java.lang.String,Pattern]; arguments [org.springframework.context.support.DefaultMessageSourceResolvable: codes [contact.lastName,lastName]; arguments []; default message [lastName],[Ljavax.validation.constraints.Pattern$Flag;@650bd72c,^[a-zA-Z][a-zA-Z0-9-]*$]; default message [last name must be alphanumeric and start with character]] [Field error in object 'contact' on field 'phoneNumbers[1]': rejected value [0412 123 346]; codes [Pattern.contact.phoneNumbers[1],Pattern.contact.phoneNumbers,Pattern.phoneNumbers[1],Pattern.phoneNumbers,Pattern.java.lang.String,Pattern]; arguments [org.springframework.context.support.DefaultMessageSourceResolvable: codes [contact.phoneNumbers[1],phoneNumbers[1]]; arguments []; default message [phoneNumbers[1]],[Ljavax.validation.constraints.Pattern$Flag;@650bd72c,^03[0-9]{8}|^\+[1-9]{3,14}|^[1-9]{1}[0-9]{3,14}]; default message [must match "^03[0-9]{8}|^\+[1-9]{3,14}|^[1-9]{1}[0-9]{3,14}"]] ]
]]></system-out>
  <system-err><![CDATA[]]></system-err>
</testsuite>
